15.06.2015 00:46:44 [main] INFO  by.masliakov.airline.common.DOMBuilder  - DOMBuilder start
15.06.2015 00:46:44 [main] INFO  by.masliakov.airline.entity.Airline  - Masliakov
15.06.2015 00:46:44 [main] INFO  by.masliakov.airline.entity.Airline  - 1 1800 3800 3 4500.0 500
15.06.2015 00:46:44 [main] INFO  by.masliakov.airline.entity.Airline  - 2 2000 4000 10 6200.0 transport
15.06.2015 00:46:44 [main] INFO  by.masliakov.airline.entity.Airline  - 3 700 200 1 50.0 race
15.06.2015 00:46:44 [main] INFO  by.masliakov.airline.entity.Airline  - 4 3500 2500 4 800.0 1.0
15.06.2015 00:46:44 [main] INFO  by.masliakov.airline.entity.Airline  - 5 3700 2000 5 1200.0 FedEx
15.06.2015 00:46:44 [main] INFO  by.masliakov.airline.entity.Airline  - 6 5200 300 12 4500.0 bagage
15.06.2015 00:46:44 [main] INFO  by.masliakov.airline.entity.Airline  - 7 10000 3000 20 8500.0 600
15.06.2015 00:46:44 [main] INFO  by.masliakov.airline.entity.Airline  - 8 3200 1500 4 6200.0 300
15.06.2015 00:46:44 [main] INFO  by.masliakov.airline.entity.Airline  - 9 2500 4500 3 900.0 2.0
15.06.2015 00:46:44 [main] INFO  by.masliakov.airline.entity.Airline  - 10 3000 5000 4 4500.0 animals
15.06.2015 00:46:44 [main] INFO  by.masliakov.airline.entity.Airline  - 11 1800 3800 3 4500.0 500
15.06.2015 00:46:44 [main] INFO  by.masliakov.airline.entity.Airline  - 12 2000 4000 10 6200.0 transport
15.06.2015 00:46:44 [main] INFO  by.masliakov.airline.entity.Airline  - 13 700 200 1 50.0 race
15.06.2015 00:46:44 [main] INFO  by.masliakov.airline.entity.Airline  - 14 3500 2500 4 800.0 1.0
15.06.2015 00:46:44 [main] INFO  by.masliakov.airline.entity.Airline  - 15 3700 2000 5 1200.0 FedEx
15.06.2015 00:46:44 [main] INFO  by.masliakov.airline.entity.Airline  - 16 5200 300 12 4500.0 bagage
15.06.2015 00:46:44 [main] INFO  by.masliakov.airline.entity.Airline  - 17 10000 3000 20 8500.0 600
15.06.2015 00:46:44 [main] INFO  by.masliakov.airline.entity.Airline  - 18 3200 1500 4 6200.0 300
15.06.2015 00:46:44 [main] INFO  by.masliakov.airline.entity.Airline  - 19 2500 4500 3 900.0 2.0
15.06.2015 00:46:44 [main] INFO  by.masliakov.airline.entity.Airline  - 20 3000 5000 4 4500.0 animals
15.06.2015 00:46:44 [main] INFO  by.masliakov.airline.entity.Airline  - 21 1800 3800 3 4500.0 500
15.06.2015 00:46:44 [main] INFO  by.masliakov.airline.entity.Airline  - 22 2000 4000 10 6200.0 transport
15.06.2015 00:46:44 [main] INFO  by.masliakov.airline.entity.Airline  - 23 700 200 1 50.0 race
15.06.2015 00:46:44 [main] INFO  by.masliakov.airline.entity.Airline  - 24 3500 2500 4 800.0 1.0
15.06.2015 00:46:44 [main] INFO  by.masliakov.airline.entity.Airline  - 25 3700 2000 5 1200.0 FedEx
15.06.2015 00:46:44 [main] INFO  by.masliakov.airline.entity.Airline  - 26 5200 300 12 4500.0 bagage
15.06.2015 00:46:44 [main] INFO  by.masliakov.airline.entity.Airline  - 27 10000 3000 20 8500.0 600
15.06.2015 00:46:44 [main] INFO  by.masliakov.airline.entity.Airline  - 28 3200 1500 4 6200.0 300
15.06.2015 00:46:44 [main] INFO  by.masliakov.airline.entity.Airline  - 29 2500 4500 3 900.0 2.0
15.06.2015 00:46:44 [main] INFO  by.masliakov.airline.entity.Airline  - 30 3000 5000 4 4500.0 animals
15.06.2015 00:46:44 [main] INFO  by.masliakov.airline.common.SAXBuilder  - SAXBuilder created
15.06.2015 00:46:44 [main] INFO  by.masliakov.airline.entity.Airline  - Masliakov
15.06.2015 00:46:44 [main] INFO  by.masliakov.airline.entity.Airline  - 1 1800 3800 3 4500.0 500
15.06.2015 00:46:44 [main] INFO  by.masliakov.airline.entity.Airline  - 2 2000 4000 10 6200.0 transport
15.06.2015 00:46:44 [main] INFO  by.masliakov.airline.entity.Airline  - 3 700 200 1 50.0 race
15.06.2015 00:46:44 [main] INFO  by.masliakov.airline.entity.Airline  - 4 3500 2500 4 800.0 1.0
15.06.2015 00:46:44 [main] INFO  by.masliakov.airline.entity.Airline  - 5 3700 2000 5 1200.0 FedEx
15.06.2015 00:46:44 [main] INFO  by.masliakov.airline.entity.Airline  - 6 5200 300 12 4500.0 bagage
15.06.2015 00:46:44 [main] INFO  by.masliakov.airline.entity.Airline  - 7 10000 3000 20 8500.0 600
15.06.2015 00:46:44 [main] INFO  by.masliakov.airline.entity.Airline  - 8 3200 1500 4 6200.0 300
15.06.2015 00:46:44 [main] INFO  by.masliakov.airline.entity.Airline  - 9 2500 4500 3 900.0 2.0
15.06.2015 00:46:44 [main] INFO  by.masliakov.airline.entity.Airline  - 10 3000 5000 4 4500.0 animals
15.06.2015 00:46:44 [main] INFO  by.masliakov.airline.entity.Airline  - 11 1800 3800 3 4500.0 500
15.06.2015 00:46:44 [main] INFO  by.masliakov.airline.entity.Airline  - 12 2000 4000 10 6200.0 transport
15.06.2015 00:46:44 [main] INFO  by.masliakov.airline.entity.Airline  - 13 700 200 1 50.0 race
15.06.2015 00:46:44 [main] INFO  by.masliakov.airline.entity.Airline  - 14 3500 2500 4 800.0 1.0
15.06.2015 00:46:44 [main] INFO  by.masliakov.airline.entity.Airline  - 15 3700 2000 5 1200.0 FedEx
15.06.2015 00:46:44 [main] INFO  by.masliakov.airline.entity.Airline  - 16 5200 300 12 4500.0 bagage
15.06.2015 00:46:44 [main] INFO  by.masliakov.airline.entity.Airline  - 17 10000 3000 20 8500.0 600
15.06.2015 00:46:44 [main] INFO  by.masliakov.airline.entity.Airline  - 18 3200 1500 4 6200.0 300
15.06.2015 00:46:44 [main] INFO  by.masliakov.airline.entity.Airline  - 19 2500 4500 3 900.0 2.0
15.06.2015 00:46:44 [main] INFO  by.masliakov.airline.entity.Airline  - 20 3000 5000 4 4500.0 animals
15.06.2015 00:46:44 [main] INFO  by.masliakov.airline.entity.Airline  - 21 1800 3800 3 4500.0 500
15.06.2015 00:46:44 [main] INFO  by.masliakov.airline.entity.Airline  - 22 2000 4000 10 6200.0 transport
15.06.2015 00:46:44 [main] INFO  by.masliakov.airline.entity.Airline  - 23 700 200 1 50.0 race
15.06.2015 00:46:44 [main] INFO  by.masliakov.airline.entity.Airline  - 24 3500 2500 4 800.0 1.0
15.06.2015 00:46:44 [main] INFO  by.masliakov.airline.entity.Airline  - 25 3700 2000 5 1200.0 FedEx
15.06.2015 00:46:44 [main] INFO  by.masliakov.airline.entity.Airline  - 26 5200 300 12 4500.0 bagage
15.06.2015 00:46:44 [main] INFO  by.masliakov.airline.entity.Airline  - 27 10000 3000 20 8500.0 600
15.06.2015 00:46:44 [main] INFO  by.masliakov.airline.entity.Airline  - 28 3200 1500 4 6200.0 300
15.06.2015 00:46:44 [main] INFO  by.masliakov.airline.entity.Airline  - 29 2500 4500 3 900.0 2.0
15.06.2015 00:46:44 [main] INFO  by.masliakov.airline.entity.Airline  - 30 3000 5000 4 4500.0 animals
15.06.2015 00:46:44 [main] INFO  by.masliakov.airline.common.StAXBuilder  - StAXBuilder created
15.06.2015 00:46:44 [main] INFO  by.masliakov.airline.entity.Airline  - Masliakov
15.06.2015 00:46:44 [main] INFO  by.masliakov.airline.entity.Airline  - 1 1800 3800 3 4500.0 500
15.06.2015 00:46:44 [main] INFO  by.masliakov.airline.entity.Airline  - 2 2000 4000 10 6200.0 transport
15.06.2015 00:46:44 [main] INFO  by.masliakov.airline.entity.Airline  - 3 700 200 1 50.0 race
15.06.2015 00:46:44 [main] INFO  by.masliakov.airline.entity.Airline  - 4 3500 2500 4 800.0 1.0
15.06.2015 00:46:44 [main] INFO  by.masliakov.airline.entity.Airline  - 5 3700 2000 5 1200.0 FedEx
15.06.2015 00:46:44 [main] INFO  by.masliakov.airline.entity.Airline  - 6 5200 300 12 4500.0 bagage
15.06.2015 00:46:44 [main] INFO  by.masliakov.airline.entity.Airline  - 7 10000 3000 20 8500.0 600
15.06.2015 00:46:44 [main] INFO  by.masliakov.airline.entity.Airline  - 8 3200 1500 4 6200.0 300
15.06.2015 00:46:44 [main] INFO  by.masliakov.airline.entity.Airline  - 9 2500 4500 3 900.0 2.0
15.06.2015 00:46:44 [main] INFO  by.masliakov.airline.entity.Airline  - 10 3000 5000 4 4500.0 animals
15.06.2015 00:46:44 [main] INFO  by.masliakov.airline.entity.Airline  - 11 1800 3800 3 4500.0 500
15.06.2015 00:46:44 [main] INFO  by.masliakov.airline.entity.Airline  - 12 2000 4000 10 6200.0 transport
15.06.2015 00:46:44 [main] INFO  by.masliakov.airline.entity.Airline  - 13 700 200 1 50.0 race
15.06.2015 00:46:44 [main] INFO  by.masliakov.airline.entity.Airline  - 14 3500 2500 4 800.0 1.0
15.06.2015 00:46:44 [main] INFO  by.masliakov.airline.entity.Airline  - 15 3700 2000 5 1200.0 FedEx
15.06.2015 00:46:44 [main] INFO  by.masliakov.airline.entity.Airline  - 16 5200 300 12 4500.0 bagage
15.06.2015 00:46:44 [main] INFO  by.masliakov.airline.entity.Airline  - 17 10000 3000 20 8500.0 600
15.06.2015 00:46:44 [main] INFO  by.masliakov.airline.entity.Airline  - 18 3200 1500 4 6200.0 300
15.06.2015 00:46:44 [main] INFO  by.masliakov.airline.entity.Airline  - 19 2500 4500 3 900.0 2.0
15.06.2015 00:46:44 [main] INFO  by.masliakov.airline.entity.Airline  - 20 3000 5000 4 4500.0 animals
15.06.2015 00:46:44 [main] INFO  by.masliakov.airline.entity.Airline  - 21 1800 3800 3 4500.0 500
15.06.2015 00:46:44 [main] INFO  by.masliakov.airline.entity.Airline  - 22 2000 4000 10 6200.0 transport
15.06.2015 00:46:44 [main] INFO  by.masliakov.airline.entity.Airline  - 23 700 200 1 50.0 race
15.06.2015 00:46:44 [main] INFO  by.masliakov.airline.entity.Airline  - 24 3500 2500 4 800.0 1.0
15.06.2015 00:46:44 [main] INFO  by.masliakov.airline.entity.Airline  - 25 3700 2000 5 1200.0 FedEx
15.06.2015 00:46:44 [main] INFO  by.masliakov.airline.entity.Airline  - 26 5200 300 12 4500.0 bagage
15.06.2015 00:46:44 [main] INFO  by.masliakov.airline.entity.Airline  - 27 10000 3000 20 8500.0 600
15.06.2015 00:46:44 [main] INFO  by.masliakov.airline.entity.Airline  - 28 3200 1500 4 6200.0 300
15.06.2015 00:46:44 [main] INFO  by.masliakov.airline.entity.Airline  - 29 2500 4500 3 900.0 2.0
15.06.2015 00:46:44 [main] INFO  by.masliakov.airline.entity.Airline  - 30 3000 5000 4 4500.0 animals
15.06.2015 00:49:53 [main] INFO  by.masliakov.airline.common.DOMBuilder  - DOMBuilder start
15.06.2015 00:49:53 [main] INFO  by.masliakov.airline.entity.Airline  - Masliakov
15.06.2015 00:49:53 [main] INFO  by.masliakov.airline.entity.Airline  - 1 1800 3800 3 4500.0 500
15.06.2015 00:49:53 [main] INFO  by.masliakov.airline.entity.Airline  - 2 2000 4000 10 6200.0 transport
15.06.2015 00:49:53 [main] INFO  by.masliakov.airline.entity.Airline  - 3 700 200 1 50.0 race
15.06.2015 00:49:53 [main] INFO  by.masliakov.airline.entity.Airline  - 4 3500 2500 4 800.0 1.0
15.06.2015 00:49:53 [main] INFO  by.masliakov.airline.entity.Airline  - 5 3700 2000 5 1200.0 FedEx
15.06.2015 00:49:53 [main] INFO  by.masliakov.airline.entity.Airline  - 6 5200 300 12 4500.0 bagage
15.06.2015 00:49:53 [main] INFO  by.masliakov.airline.entity.Airline  - 7 10000 3000 20 8500.0 600
15.06.2015 00:49:53 [main] INFO  by.masliakov.airline.entity.Airline  - 8 3200 1500 4 6200.0 300
15.06.2015 00:49:53 [main] INFO  by.masliakov.airline.entity.Airline  - 9 2500 4500 3 900.0 2.0
15.06.2015 00:49:53 [main] INFO  by.masliakov.airline.entity.Airline  - 10 3000 5000 4 4500.0 animals
15.06.2015 00:49:53 [main] INFO  by.masliakov.airline.entity.Airline  - 11 1800 3800 3 4500.0 500
15.06.2015 00:49:53 [main] INFO  by.masliakov.airline.entity.Airline  - 12 2000 4000 10 6200.0 transport
15.06.2015 00:49:53 [main] INFO  by.masliakov.airline.entity.Airline  - 13 700 200 1 50.0 race
15.06.2015 00:49:53 [main] INFO  by.masliakov.airline.entity.Airline  - 14 3500 2500 4 800.0 1.0
15.06.2015 00:49:53 [main] INFO  by.masliakov.airline.entity.Airline  - 15 3700 2000 5 1200.0 FedEx
15.06.2015 00:49:53 [main] INFO  by.masliakov.airline.entity.Airline  - 16 5200 300 12 4500.0 bagage
15.06.2015 00:49:53 [main] INFO  by.masliakov.airline.entity.Airline  - 17 10000 3000 20 8500.0 600
15.06.2015 00:49:53 [main] INFO  by.masliakov.airline.entity.Airline  - 18 3200 1500 4 6200.0 300
15.06.2015 00:49:53 [main] INFO  by.masliakov.airline.entity.Airline  - 19 2500 4500 3 900.0 2.0
15.06.2015 00:49:53 [main] INFO  by.masliakov.airline.entity.Airline  - 20 3000 5000 4 4500.0 animals
15.06.2015 00:49:53 [main] INFO  by.masliakov.airline.entity.Airline  - 21 1800 3800 3 4500.0 500
15.06.2015 00:49:53 [main] INFO  by.masliakov.airline.entity.Airline  - 22 2000 4000 10 6200.0 transport
15.06.2015 00:49:53 [main] INFO  by.masliakov.airline.entity.Airline  - 23 700 200 1 50.0 race
15.06.2015 00:49:53 [main] INFO  by.masliakov.airline.entity.Airline  - 24 3500 2500 4 800.0 1.0
15.06.2015 00:49:53 [main] INFO  by.masliakov.airline.entity.Airline  - 25 3700 2000 5 1200.0 FedEx
15.06.2015 00:49:53 [main] INFO  by.masliakov.airline.entity.Airline  - 26 5200 300 12 4500.0 bagage
15.06.2015 00:49:53 [main] INFO  by.masliakov.airline.entity.Airline  - 27 10000 3000 20 8500.0 600
15.06.2015 00:49:53 [main] INFO  by.masliakov.airline.entity.Airline  - 28 3200 1500 4 6200.0 300
15.06.2015 00:49:53 [main] INFO  by.masliakov.airline.entity.Airline  - 29 2500 4500 3 900.0 2.0
15.06.2015 00:49:53 [main] INFO  by.masliakov.airline.entity.Airline  - 30 3000 5000 4 4500.0 animals
15.06.2015 00:51:31 [main] INFO  by.masliakov.airline.common.DOMBuilder  - DOMBuilder start
15.06.2015 00:51:31 [main] INFO  by.masliakov.airline.entity.Airline  - Masliakov
15.06.2015 00:51:31 [main] INFO  by.masliakov.airline.entity.Airline  - 1 1800 3800 3 4500.0 500
15.06.2015 00:51:31 [main] INFO  by.masliakov.airline.entity.Airline  - 2 2000 4000 10 6200.0 transport
15.06.2015 00:51:31 [main] INFO  by.masliakov.airline.entity.Airline  - 3 700 200 1 50.0 race
15.06.2015 00:51:31 [main] INFO  by.masliakov.airline.entity.Airline  - 4 3500 2500 4 800.0 1.0
15.06.2015 00:51:31 [main] INFO  by.masliakov.airline.entity.Airline  - 5 3700 2000 5 1200.0 FedEx
15.06.2015 00:51:31 [main] INFO  by.masliakov.airline.entity.Airline  - 6 5200 300 12 4500.0 bagage
15.06.2015 00:51:31 [main] INFO  by.masliakov.airline.entity.Airline  - 7 10000 3000 20 8500.0 600
15.06.2015 00:51:31 [main] INFO  by.masliakov.airline.entity.Airline  - 8 3200 1500 4 6200.0 300
15.06.2015 00:51:31 [main] INFO  by.masliakov.airline.entity.Airline  - 9 2500 4500 3 900.0 2.0
15.06.2015 00:51:31 [main] INFO  by.masliakov.airline.entity.Airline  - 10 3000 5000 4 4500.0 animals
15.06.2015 00:51:31 [main] INFO  by.masliakov.airline.entity.Airline  - 11 1800 3800 3 4500.0 500
15.06.2015 00:51:31 [main] INFO  by.masliakov.airline.entity.Airline  - 12 2000 4000 10 6200.0 transport
15.06.2015 00:51:31 [main] INFO  by.masliakov.airline.entity.Airline  - 13 700 200 1 50.0 race
15.06.2015 00:51:31 [main] INFO  by.masliakov.airline.entity.Airline  - 14 3500 2500 4 800.0 1.0
15.06.2015 00:51:31 [main] INFO  by.masliakov.airline.entity.Airline  - 15 3700 2000 5 1200.0 FedEx
15.06.2015 00:51:31 [main] INFO  by.masliakov.airline.entity.Airline  - 16 5200 300 12 4500.0 bagage
15.06.2015 00:51:31 [main] INFO  by.masliakov.airline.entity.Airline  - 17 10000 3000 20 8500.0 600
15.06.2015 00:51:31 [main] INFO  by.masliakov.airline.entity.Airline  - 18 3200 1500 4 6200.0 300
15.06.2015 00:51:31 [main] INFO  by.masliakov.airline.entity.Airline  - 19 2500 4500 3 900.0 2.0
15.06.2015 00:51:31 [main] INFO  by.masliakov.airline.entity.Airline  - 20 3000 5000 4 4500.0 animals
15.06.2015 00:51:31 [main] INFO  by.masliakov.airline.entity.Airline  - 21 1800 3800 3 4500.0 500
15.06.2015 00:51:31 [main] INFO  by.masliakov.airline.entity.Airline  - 22 2000 4000 10 6200.0 transport
15.06.2015 00:51:31 [main] INFO  by.masliakov.airline.entity.Airline  - 23 700 200 1 50.0 race
15.06.2015 00:51:31 [main] INFO  by.masliakov.airline.entity.Airline  - 24 3500 2500 4 800.0 1.0
15.06.2015 00:51:31 [main] INFO  by.masliakov.airline.entity.Airline  - 25 3700 2000 5 1200.0 FedEx
15.06.2015 00:51:31 [main] INFO  by.masliakov.airline.entity.Airline  - 26 5200 300 12 4500.0 bagage
15.06.2015 00:51:31 [main] INFO  by.masliakov.airline.entity.Airline  - 27 10000 3000 20 8500.0 600
15.06.2015 00:51:31 [main] INFO  by.masliakov.airline.entity.Airline  - 28 3200 1500 4 6200.0 300
15.06.2015 00:51:31 [main] INFO  by.masliakov.airline.entity.Airline  - 29 2500 4500 3 900.0 2.0
15.06.2015 00:51:31 [main] INFO  by.masliakov.airline.entity.Airline  - 30 3000 5000 4 4500.0 animals
15.06.2015 00:51:37 [main] INFO  by.masliakov.airline.common.SAXBuilder  - SAXBuilder created
15.06.2015 00:51:37 [main] INFO  by.masliakov.airline.entity.Airline  - Masliakov
15.06.2015 00:51:37 [main] INFO  by.masliakov.airline.entity.Airline  - 1 1800 3800 3 4500.0 500
15.06.2015 00:51:37 [main] INFO  by.masliakov.airline.entity.Airline  - 2 2000 4000 10 6200.0 transport
15.06.2015 00:51:37 [main] INFO  by.masliakov.airline.entity.Airline  - 3 700 200 1 50.0 race
15.06.2015 00:51:37 [main] INFO  by.masliakov.airline.entity.Airline  - 4 3500 2500 4 800.0 1.0
15.06.2015 00:51:37 [main] INFO  by.masliakov.airline.entity.Airline  - 5 3700 2000 5 1200.0 FedEx
15.06.2015 00:51:37 [main] INFO  by.masliakov.airline.entity.Airline  - 6 5200 300 12 4500.0 bagage
15.06.2015 00:51:37 [main] INFO  by.masliakov.airline.entity.Airline  - 7 10000 3000 20 8500.0 600
15.06.2015 00:51:37 [main] INFO  by.masliakov.airline.entity.Airline  - 8 3200 1500 4 6200.0 300
15.06.2015 00:51:37 [main] INFO  by.masliakov.airline.entity.Airline  - 9 2500 4500 3 900.0 2.0
15.06.2015 00:51:37 [main] INFO  by.masliakov.airline.entity.Airline  - 10 3000 5000 4 4500.0 animals
15.06.2015 00:51:37 [main] INFO  by.masliakov.airline.entity.Airline  - 11 1800 3800 3 4500.0 500
15.06.2015 00:51:37 [main] INFO  by.masliakov.airline.entity.Airline  - 12 2000 4000 10 6200.0 transport
15.06.2015 00:51:37 [main] INFO  by.masliakov.airline.entity.Airline  - 13 700 200 1 50.0 race
15.06.2015 00:51:37 [main] INFO  by.masliakov.airline.entity.Airline  - 14 3500 2500 4 800.0 1.0
15.06.2015 00:51:37 [main] INFO  by.masliakov.airline.entity.Airline  - 15 3700 2000 5 1200.0 FedEx
15.06.2015 00:51:37 [main] INFO  by.masliakov.airline.entity.Airline  - 16 5200 300 12 4500.0 bagage
15.06.2015 00:51:37 [main] INFO  by.masliakov.airline.entity.Airline  - 17 10000 3000 20 8500.0 600
15.06.2015 00:51:37 [main] INFO  by.masliakov.airline.entity.Airline  - 18 3200 1500 4 6200.0 300
15.06.2015 00:51:37 [main] INFO  by.masliakov.airline.entity.Airline  - 19 2500 4500 3 900.0 2.0
15.06.2015 00:51:37 [main] INFO  by.masliakov.airline.entity.Airline  - 20 3000 5000 4 4500.0 animals
15.06.2015 00:51:37 [main] INFO  by.masliakov.airline.entity.Airline  - 21 1800 3800 3 4500.0 500
15.06.2015 00:51:37 [main] INFO  by.masliakov.airline.entity.Airline  - 22 2000 4000 10 6200.0 transport
15.06.2015 00:51:37 [main] INFO  by.masliakov.airline.entity.Airline  - 23 700 200 1 50.0 race
15.06.2015 00:51:37 [main] INFO  by.masliakov.airline.entity.Airline  - 24 3500 2500 4 800.0 1.0
15.06.2015 00:51:37 [main] INFO  by.masliakov.airline.entity.Airline  - 25 3700 2000 5 1200.0 FedEx
15.06.2015 00:51:37 [main] INFO  by.masliakov.airline.entity.Airline  - 26 5200 300 12 4500.0 bagage
15.06.2015 00:51:37 [main] INFO  by.masliakov.airline.entity.Airline  - 27 10000 3000 20 8500.0 600
15.06.2015 00:51:37 [main] INFO  by.masliakov.airline.entity.Airline  - 28 3200 1500 4 6200.0 300
15.06.2015 00:51:37 [main] INFO  by.masliakov.airline.entity.Airline  - 29 2500 4500 3 900.0 2.0
15.06.2015 00:51:37 [main] INFO  by.masliakov.airline.entity.Airline  - 30 3000 5000 4 4500.0 animals
15.06.2015 00:51:42 [main] INFO  by.masliakov.airline.common.StAXBuilder  - StAXBuilder created
15.06.2015 00:51:42 [main] INFO  by.masliakov.airline.entity.Airline  - Masliakov
15.06.2015 00:51:42 [main] INFO  by.masliakov.airline.entity.Airline  - 1 1800 3800 3 4500.0 500
15.06.2015 00:51:42 [main] INFO  by.masliakov.airline.entity.Airline  - 2 2000 4000 10 6200.0 transport
15.06.2015 00:51:42 [main] INFO  by.masliakov.airline.entity.Airline  - 3 700 200 1 50.0 race
15.06.2015 00:51:42 [main] INFO  by.masliakov.airline.entity.Airline  - 4 3500 2500 4 800.0 1.0
15.06.2015 00:51:42 [main] INFO  by.masliakov.airline.entity.Airline  - 5 3700 2000 5 1200.0 FedEx
15.06.2015 00:51:42 [main] INFO  by.masliakov.airline.entity.Airline  - 6 5200 300 12 4500.0 bagage
15.06.2015 00:51:42 [main] INFO  by.masliakov.airline.entity.Airline  - 7 10000 3000 20 8500.0 600
15.06.2015 00:51:42 [main] INFO  by.masliakov.airline.entity.Airline  - 8 3200 1500 4 6200.0 300
15.06.2015 00:51:42 [main] INFO  by.masliakov.airline.entity.Airline  - 9 2500 4500 3 900.0 2.0
15.06.2015 00:51:42 [main] INFO  by.masliakov.airline.entity.Airline  - 10 3000 5000 4 4500.0 animals
15.06.2015 00:51:42 [main] INFO  by.masliakov.airline.entity.Airline  - 11 1800 3800 3 4500.0 500
15.06.2015 00:51:42 [main] INFO  by.masliakov.airline.entity.Airline  - 12 2000 4000 10 6200.0 transport
15.06.2015 00:51:42 [main] INFO  by.masliakov.airline.entity.Airline  - 13 700 200 1 50.0 race
15.06.2015 00:51:42 [main] INFO  by.masliakov.airline.entity.Airline  - 14 3500 2500 4 800.0 1.0
15.06.2015 00:51:42 [main] INFO  by.masliakov.airline.entity.Airline  - 15 3700 2000 5 1200.0 FedEx
15.06.2015 00:51:42 [main] INFO  by.masliakov.airline.entity.Airline  - 16 5200 300 12 4500.0 bagage
15.06.2015 00:51:42 [main] INFO  by.masliakov.airline.entity.Airline  - 17 10000 3000 20 8500.0 600
15.06.2015 00:51:42 [main] INFO  by.masliakov.airline.entity.Airline  - 18 3200 1500 4 6200.0 300
15.06.2015 00:51:42 [main] INFO  by.masliakov.airline.entity.Airline  - 19 2500 4500 3 900.0 2.0
15.06.2015 00:51:42 [main] INFO  by.masliakov.airline.entity.Airline  - 20 3000 5000 4 4500.0 animals
15.06.2015 00:51:42 [main] INFO  by.masliakov.airline.entity.Airline  - 21 1800 3800 3 4500.0 500
15.06.2015 00:51:42 [main] INFO  by.masliakov.airline.entity.Airline  - 22 2000 4000 10 6200.0 transport
15.06.2015 00:51:42 [main] INFO  by.masliakov.airline.entity.Airline  - 23 700 200 1 50.0 race
15.06.2015 00:51:42 [main] INFO  by.masliakov.airline.entity.Airline  - 24 3500 2500 4 800.0 1.0
15.06.2015 00:51:42 [main] INFO  by.masliakov.airline.entity.Airline  - 25 3700 2000 5 1200.0 FedEx
15.06.2015 00:51:42 [main] INFO  by.masliakov.airline.entity.Airline  - 26 5200 300 12 4500.0 bagage
15.06.2015 00:51:42 [main] INFO  by.masliakov.airline.entity.Airline  - 27 10000 3000 20 8500.0 600
15.06.2015 00:51:42 [main] INFO  by.masliakov.airline.entity.Airline  - 28 3200 1500 4 6200.0 300
15.06.2015 00:51:42 [main] INFO  by.masliakov.airline.entity.Airline  - 29 2500 4500 3 900.0 2.0
15.06.2015 00:51:42 [main] INFO  by.masliakov.airline.entity.Airline  - 30 3000 5000 4 4500.0 animals
15.06.2015 00:51:47 [main] ERROR by.masliakov.airline.main.Main  - Wrong input data!
